<?xml version="1.0" encoding="UTF-8"?>
<!-- Generated by org.testng.reporters.JUnitReportReporter -->
<testsuite hostname="fv-az123-968" failures="0" tests="1" name="mypackage.myTest" time="1.073" errors="0" timestamp="25 Jan 2022 01:04:00 GMT" skipped="0">
  <testcase classname="mypackage.myTest" name="opengoogle" time="1.073"/>
</testsuite> <!-- mypackage.myTest -->
