<?xml version="1.0" encoding="UTF-8"?>
<!-- Generated by org.testng.reporters.JUnitReportReporter -->
<testsuite hostname="fv-az83-598" failures="0" tests="1" name="mypackage.myTest" time="1.393" errors="0" timestamp="25 Jan 2022 00:26:16 GMT" skipped="0">
  <testcase classname="mypackage.myTest" name="opengoogle" time="1.393"/>
</testsuite> <!-- mypackage.myTest -->
